SF:lib/main.dart
DA:7,0
DA:8,0
DA:12,2
DA:14,1
DA:16,1
DA:18,1
DA:27,1
DA:31,1
DA:32,1
DA:50,1
DA:52,1
DA:53,3
DA:54,2
DA:57,1
DA:58,4
DA:61,0
DA:65,0
DA:66,0
DA:69,1
DA:71,1
DA:73,1
DA:74,3
DA:76,1
DA:77,1
DA:78,1
DA:80,1
DA:82,1
DA:83,1
DA:85,1
DA:92,1
DA:94,1
DA:95,1
DA:96,1
DA:100,0
DA:101,0
DA:102,0
DA:103,0
DA:104,0
DA:105,0
DA:108,0
DA:109,0
DA:112,0
DA:113,0
DA:116,0
DA:117,0
DA:118,0
DA:119,0
DA:120,0
DA:121,0
DA:122,0
DA:124,0
DA:125,0
DA:128,0
DA:129,0
DA:131,0
DA:132,0
DA:133,0
DA:134,0
DA:135,0
DA:136,0
DA:137,0
DA:138,0
DA:139,0
DA:140,0
DA:146,1
DA:147,1
DA:151,0
DA:152,0
DA:153,0
DA:154,0
DA:155,0
DA:156,0
DA:157,0
DA:160,0
DA:161,0
DA:164,0
DA:165,0
DA:168,0
DA:169,0
DA:170,0
DA:171,0
DA:172,0
DA:173,0
DA:174,0
DA:176,0
DA:177,0
DA:180,0
DA:181,0
DA:182,0
DA:183,0
DA:184,0
DA:185,0
DA:186,0
DA:187,0
DA:188,0
DA:189,0
DA:197,1
DA:199,1
DA:200,1
DA:201,1
DA:205,0
DA:206,0
DA:207,0
DA:208,0
DA:209,0
DA:212,0
DA:213,0
DA:216,0
DA:217,0
DA:220,0
DA:221,0
DA:222,0
DA:223,0
DA:224,0
DA:225,0
DA:226,0
DA:228,0
DA:229,0
DA:237,0
DA:238,0
DA:239,0
DA:240,0
DA:241,0
DA:242,0
DA:243,0
DA:244,0
DA:245,0
DA:246,0
DA:251,1
DA:252,1
DA:256,0
DA:257,0
DA:258,0
DA:259,0
DA:260,0
DA:263,0
DA:264,0
DA:267,0
DA:268,0
DA:271,0
DA:272,0
DA:273,0
DA:274,0
DA:275,0
DA:276,0
DA:277,0
DA:279,0
DA:280,0
DA:288,0
DA:289,0
DA:291,0
DA:292,0
DA:293,0
DA:294,0
DA:295,0
DA:296,0
DA:297,0
DA:298,0
DA:299,0
DA:300,0
DA:308,1
DA:310,1
DA:311,1
DA:312,1
DA:316,0
DA:317,0
DA:318,0
DA:319,0
DA:320,0
DA:321,0
DA:324,0
DA:325,0
DA:328,0
DA:329,0
DA:336,1
DA:337,1
DA:341,0
DA:342,0
DA:343,0
DA:344,0
DA:345,0
DA:346,0
DA:349,0
DA:350,0
DA:353,0
DA:354,0
DA:364,1
DA:365,1
DA:366,1
DA:367,1
DA:372,1
DA:373,2
DA:382,1
DA:384,1
DA:385,1
DA:387,1
DA:389,1
DA:393,2
DA:402,1
DA:404,1
DA:405,2
DA:413,2
DA:422,1
DA:424,2
DA:425,0
DA:426,1
DA:438,1
DA:439,1
DA:440,1
DA:445,1
DA:460,2
DA:467,1
DA:469,2
DA:474,2
DA:481,1
DA:483,2
DA:488,2
DA:495,1
DA:497,2
DA:502,2
DA:509,1
DA:511,2
DA:516,2
DA:523,1
DA:525,2
LF:225
LH:80
end_of_record
