SF:lib/extensions.dart
DA:5,2
DA:7,2
DA:9,4
DA:12,2
DA:14,2
DA:17,2
DA:19,2
DA:22,2
DA:24,2
DA:27,2
DA:29,2
DA:40,2
DA:42,2
DA:44,2
DA:47,2
DA:49,2
DA:52,2
DA:54,2
DA:57,2
DA:59,2
DA:62,2
DA:64,2
DA:75,2
DA:77,2
DA:79,2
DA:82,2
DA:84,2
DA:87,2
DA:89,2
DA:92,2
DA:94,2
DA:97,2
DA:99,2
DA:110,2
DA:112,2
DA:117,2
DA:122,2
DA:127,2
DA:129,2
DA:132,2
DA:134,4
DA:145,2
DA:147,2
DA:152,2
DA:154,4
DA:157,2
DA:162,1
DA:167,1
DA:180,2
DA:182,2
DA:184,4
DA:187,2
DA:192,2
DA:197,2
DA:199,2
DA:202,2
DA:204,2
DA:215,2
DA:217,2
DA:219,4
DA:222,2
DA:224,2
DA:227,2
DA:229,2
DA:232,2
DA:234,2
DA:237,2
DA:239,2
DA:250,2
DA:251,6
DA:257,2
DA:258,2
DA:259,2
DA:263,3
DA:264,3
DA:265,3
DA:269,2
DA:270,2
DA:271,2
DA:275,2
DA:276,2
DA:277,2
DA:280,2
DA:282,2
DA:283,6
DA:285,6
DA:286,6
DA:289,2
DA:290,6
DA:291,2
DA:302,2
DA:303,2
DA:306,2
DA:309,2
DA:310,4
DA:311,2
DA:312,4
DA:313,4
DA:314,2
LF:99
LH:99
end_of_record
SF:lib/utils.dart
DA:6,6
DA:9,1
DA:10,4
DA:14,1
DA:16,1
DA:17,5
DA:18,1
DA:24,1
DA:26,1
DA:27,5
DA:28,1
DA:34,1
DA:35,1
DA:36,1
DA:38,3
DA:40,3
DA:41,3
DA:44,1
DA:45,3
DA:46,2
DA:50,1
DA:53,1
DA:55,1
DA:56,2
DA:57,1
LF:25
LH:25
end_of_record
SF:lib/iban_utilities.dart
DA:9,1
DA:10,1
DA:11,2
DA:14,3
DA:16,3
DA:17,3
DA:18,3
DA:19,3
DA:20,3
DA:21,3
DA:22,3
LF:11
LH:11
end_of_record
SF:lib/enums_countries.dart
DA:1,3
LF:1
LH:1
end_of_record
