SF:lib/enums_countries.dart
DA:1,1
LF:1
LH:1
end_of_record
SF:lib/iban_utilities.dart
DA:9,1
DA:11,3
DA:13,3
DA:14,3
DA:15,3
DA:16,3
DA:17,3
DA:18,3
DA:19,3
DA:22,0
LF:10
LH:9
end_of_record
SF:lib/utils.dart
DA:6,3
DA:8,0
DA:9,0
DA:12,0
DA:14,0
DA:15,0
DA:16,0
DA:21,1
DA:23,1
DA:24,5
DA:25,1
DA:30,1
DA:31,1
DA:32,1
DA:34,3
DA:36,3
DA:37,3
DA:40,1
DA:41,3
DA:42,2
DA:45,1
DA:48,1
DA:50,1
DA:51,2
DA:52,1
DA:53,2
LF:26
LH:20
end_of_record
SF:lib/extensions.dart
DA:5,1
DA:7,1
DA:9,2
DA:12,1
DA:14,2
DA:17,1
DA:19,2
DA:22,1
DA:24,2
DA:27,1
DA:29,2
DA:34,0
DA:39,1
DA:41,1
DA:43,2
DA:46,1
DA:48,2
DA:51,1
DA:53,2
DA:56,1
DA:58,2
DA:61,1
DA:63,2
DA:68,0
DA:73,1
DA:75,1
DA:77,2
DA:80,1
DA:82,2
DA:85,1
DA:87,2
DA:90,1
DA:92,2
DA:95,1
DA:97,2
DA:102,0
DA:107,1
DA:109,1
DA:111,0
DA:114,1
DA:116,0
DA:119,1
DA:121,0
DA:124,1
DA:126,2
DA:129,1
DA:131,2
DA:136,0
DA:141,1
DA:143,1
DA:145,2
DA:148,1
DA:150,2
DA:153,1
DA:155,2
DA:158,0
DA:160,0
DA:163,0
DA:165,0
DA:170,0
DA:175,1
DA:177,1
DA:179,2
DA:182,1
DA:184,2
DA:187,1
DA:189,2
DA:192,1
DA:194,2
DA:197,1
DA:199,2
DA:204,0
DA:209,1
DA:211,1
DA:213,2
DA:216,1
DA:218,2
DA:221,1
DA:223,2
DA:226,1
DA:228,2
DA:231,1
DA:233,2
DA:238,0
DA:243,1
DA:244,2
DA:250,1
DA:251,2
DA:254,1
DA:255,2
DA:258,0
DA:259,0
DA:263,1
DA:264,1
DA:265,1
DA:268,1
DA:270,3
DA:272,3
DA:273,3
DA:276,1
DA:277,3
DA:278,1
DA:288,1
DA:289,1
DA:292,1
DA:295,1
DA:296,2
DA:297,1
DA:298,2
DA:299,2
DA:302,1
LF:111
LH:95
end_of_record
